{"/Users/chirra/AWS/nodets/src/database/mongodb.ts": {"path":"/Users/chirra/AWS/nodets/src/database/mongodb.ts","statementMap":{"0":{"start":{"line":3,"column":0},"end":{"line":3,"column":38}},"1":{"start":{"line":11,"column":4},"end":{"line":13,"column":null}},"2":{"start":{"line":12,"column":6},"end":{"line":12,"column":44}},"3":{"start":{"line":14,"column":19},"end":{"line":14,"column":69}},"4":{"start":{"line":15,"column":4},"end":{"line":15,"column":60}},"5":{"start":{"line":16,"column":4},"end":{"line":16,"column":25}},"6":{"start":{"line":20,"column":0},"end":{"line":20,"column":33}}},"fnMap":{"0":{"name":"(anonymous_0)","decl":{"start":{"line":8,"column":2},"end":{"line":8,"column":25}},"loc":{"start":{"line":8,"column":2},"end":{"line":8,"column":26}}},"1":{"name":"(anonymous_1)","decl":{"start":{"line":10,"column":2},"end":{"line":10,"column":8}},"loc":{"start":{"line":10,"column":26},"end":{"line":17,"column":3}}}},"branchMap":{"0":{"loc":{"start":{"line":11,"column":4},"end":{"line":13,"column":null}},"type":"if","locations":[{"start":{"line":11,"column":4},"end":{"line":13,"column":null}}]}},"s":{"0":0,"1":0,"2":0,"3":0,"4":0,"5":0,"6":0},"f":{"0":0,"1":0},"b":{"0":[0]}}
,"/Users/chirra/AWS/nodets/src/functions/index.ts": {"path":"/Users/chirra/AWS/nodets/src/functions/index.ts","statementMap":{"0":{"start":{"line":1,"column":0},"end":{"line":1,"column":9}},"1":{"start":{"line":1,"column":9},"end":{"line":1,"column":32}},"2":{"start":{"line":2,"column":0},"end":{"line":2,"column":9}},"3":{"start":{"line":2,"column":9},"end":{"line":2,"column":28}}},"fnMap":{"0":{"name":"(anonymous_0)","decl":{"start":{"line":1,"column":9},"end":{"line":1,"column":16}},"loc":{"start":{"line":1,"column":9},"end":{"line":1,"column":32}}},"1":{"name":"(anonymous_1)","decl":{"start":{"line":2,"column":9},"end":{"line":2,"column":16}},"loc":{"start":{"line":2,"column":9},"end":{"line":2,"column":28}}}},"branchMap":{},"s":{"0":0,"1":0,"2":0,"3":0},"f":{"0":0,"1":0},"b":{}}
,"/Users/chirra/AWS/nodets/src/functions/create-tokens/handler.ts": {"path":"/Users/chirra/AWS/nodets/src/functions/create-tokens/handler.ts","statementMap":{"0":{"start":{"line":1,"column":0},"end":{"line":1,"column":null}},"1":{"start":{"line":5,"column":0},"end":{"line":5,"column":55}},"2":{"start":{"line":6,"column":0},"end":{"line":6,"column":39}},"3":{"start":{"line":9,"column":0},"end":{"line":9,"column":73}},"4":{"start":{"line":11,"column":0},"end":{"line":11,"column":54}},"5":{"start":{"line":13,"column":72},"end":{"line":29,"column":1}},"6":{"start":{"line":16,"column":22},"end":{"line":16,"column":50}},"7":{"start":{"line":17,"column":2},"end":{"line":17,"column":64}},"8":{"start":{"line":17,"column":15},"end":{"line":17,"column":64}},"9":{"start":{"line":19,"column":2},"end":{"line":19,"column":37}},"10":{"start":{"line":20,"column":2},"end":{"line":20,"column":38}},"11":{"start":{"line":21,"column":25},"end":{"line":21,"column":54}},"12":{"start":{"line":23,"column":2},"end":{"line":23,"column":45}},"13":{"start":{"line":25,"column":2},"end":{"line":28,"column":5}},"14":{"start":{"line":31,"column":13},"end":{"line":31,"column":42}}},"fnMap":{"0":{"name":"(anonymous_0)","decl":{"start":{"line":13,"column":72},"end":{"line":13,"column":77}},"loc":{"start":{"line":15,"column":4},"end":{"line":29,"column":1}}}},"branchMap":{"0":{"loc":{"start":{"line":17,"column":2},"end":{"line":17,"column":64}},"type":"if","locations":[{"start":{"line":17,"column":2},"end":{"line":17,"column":64}}]}},"s":{"0":0,"1":0,"2":0,"3":0,"4":0,"5":0,"6":0,"7":0,"8":0,"9":0,"10":0,"11":0,"12":0,"13":0,"14":0},"f":{"0":0},"b":{"0":[0]}}
,"/Users/chirra/AWS/nodets/src/functions/create-tokens/index.ts": {"path":"/Users/chirra/AWS/nodets/src/functions/create-tokens/index.ts","statementMap":{"0":{"start":{"line":1,"column":0},"end":{"line":1,"column":30}},"1":{"start":{"line":2,"column":0},"end":{"line":2,"column":53}},"2":{"start":{"line":4,"column":0},"end":{"line":19,"column":2}}},"fnMap":{},"branchMap":{},"s":{"0":0,"1":0,"2":0},"f":{},"b":{}}
,"/Users/chirra/AWS/nodets/src/functions/create-tokens/schema.ts": {"path":"/Users/chirra/AWS/nodets/src/functions/create-tokens/schema.ts","statementMap":{"0":{"start":{"line":1,"column":0},"end":{"line":18,"column":11}}},"fnMap":{},"branchMap":{},"s":{"0":0},"f":{},"b":{}}
,"/Users/chirra/AWS/nodets/src/functions/get-token/handler.ts": {"path":"/Users/chirra/AWS/nodets/src/functions/get-token/handler.ts","statementMap":{"0":{"start":{"line":2,"column":0},"end":{"line":2,"column":55}},"1":{"start":{"line":3,"column":0},"end":{"line":3,"column":39}},"2":{"start":{"line":7,"column":0},"end":{"line":7,"column":54}},"3":{"start":{"line":8,"column":0},"end":{"line":8,"column":70}},"4":{"start":{"line":10,"column":68},"end":{"line":24,"column":1}},"5":{"start":{"line":13,"column":26},"end":{"line":14,"column":null}},"6":{"start":{"line":17,"column":2},"end":{"line":23,"column":null}},"7":{"start":{"line":18,"column":4},"end":{"line":18,"column":79}},"8":{"start":{"line":20,"column":4},"end":{"line":22,"column":7}},"9":{"start":{"line":26,"column":13},"end":{"line":26,"column":38}}},"fnMap":{"0":{"name":"(anonymous_0)","decl":{"start":{"line":10,"column":68},"end":{"line":10,"column":73}},"loc":{"start":{"line":12,"column":4},"end":{"line":24,"column":1}}}},"branchMap":{"0":{"loc":{"start":{"line":17,"column":2},"end":{"line":23,"column":null}},"type":"if","locations":[{"start":{"line":17,"column":2},"end":{"line":23,"column":null}},{"start":{"line":19,"column":9},"end":{"line":23,"column":null}}]}},"s":{"0":0,"1":0,"2":0,"3":0,"4":0,"5":0,"6":0,"7":0,"8":0,"9":0},"f":{"0":0},"b":{"0":[0,0]}}
,"/Users/chirra/AWS/nodets/src/functions/get-token/index.ts": {"path":"/Users/chirra/AWS/nodets/src/functions/get-token/index.ts","statementMap":{"0":{"start":{"line":1,"column":0},"end":{"line":1,"column":30}},"1":{"start":{"line":2,"column":0},"end":{"line":2,"column":53}},"2":{"start":{"line":4,"column":0},"end":{"line":19,"column":2}}},"fnMap":{},"branchMap":{},"s":{"0":0,"1":0,"2":0},"f":{},"b":{}}
,"/Users/chirra/AWS/nodets/src/functions/get-token/schema.ts": {"path":"/Users/chirra/AWS/nodets/src/functions/get-token/schema.ts","statementMap":{"0":{"start":{"line":1,"column":0},"end":{"line":7,"column":11}}},"fnMap":{},"branchMap":{},"s":{"0":0},"f":{},"b":{}}
,"/Users/chirra/AWS/nodets/src/libs/api-gateway.ts": {"path":"/Users/chirra/AWS/nodets/src/libs/api-gateway.ts","statementMap":{"0":{"start":{"line":16,"column":34},"end":{"line":21,"column":1}},"1":{"start":{"line":17,"column":2},"end":{"line":20,"column":4}},"2":{"start":{"line":16,"column":13},"end":{"line":16,"column":34}},"3":{"start":{"line":23,"column":44},"end":{"line":30,"column":1}},"4":{"start":{"line":26,"column":2},"end":{"line":29,"column":4}},"5":{"start":{"line":23,"column":13},"end":{"line":23,"column":44}}},"fnMap":{"0":{"name":"(anonymous_0)","decl":{"start":{"line":16,"column":34},"end":{"line":16,"column":35}},"loc":{"start":{"line":16,"column":72},"end":{"line":21,"column":1}}},"1":{"name":"(anonymous_1)","decl":{"start":{"line":23,"column":44},"end":{"line":23,"column":null}},"loc":{"start":{"line":25,"column":4},"end":{"line":30,"column":1}}}},"branchMap":{},"s":{"0":0,"1":0,"2":0,"3":0,"4":0,"5":0},"f":{"0":0,"1":0},"b":{}}
,"/Users/chirra/AWS/nodets/src/libs/handler-resolver.ts": {"path":"/Users/chirra/AWS/nodets/src/libs/handler-resolver.ts","statementMap":{"0":{"start":{"line":1,"column":27},"end":{"line":3,"column":1}},"1":{"start":{"line":2,"column":2},"end":{"line":2,"column":null}},"2":{"start":{"line":1,"column":13},"end":{"line":1,"column":27}}},"fnMap":{"0":{"name":"(anonymous_0)","decl":{"start":{"line":1,"column":27},"end":{"line":1,"column":28}},"loc":{"start":{"line":1,"column":47},"end":{"line":3,"column":1}}}},"branchMap":{},"s":{"0":0,"1":0,"2":0},"f":{"0":0},"b":{}}
,"/Users/chirra/AWS/nodets/src/libs/lambda.ts": {"path":"/Users/chirra/AWS/nodets/src/libs/lambda.ts","statementMap":{"0":{"start":{"line":1,"column":0},"end":{"line":1,"column":31}},"1":{"start":{"line":2,"column":0},"end":{"line":2,"column":62}},"2":{"start":{"line":4,"column":23},"end":{"line":6,"column":1}},"3":{"start":{"line":5,"column":2},"end":{"line":5,"column":null}},"4":{"start":{"line":4,"column":13},"end":{"line":4,"column":23}}},"fnMap":{"0":{"name":"(anonymous_0)","decl":{"start":{"line":4,"column":23},"end":{"line":4,"column":24}},"loc":{"start":{"line":4,"column":35},"end":{"line":6,"column":1}}}},"branchMap":{},"s":{"0":0,"1":0,"2":0,"3":0,"4":0},"f":{"0":0},"b":{}}
,"/Users/chirra/AWS/nodets/src/services/token.ts": {"path":"/Users/chirra/AWS/nodets/src/services/token.ts","statementMap":{"0":{"start":{"line":2,"column":0},"end":{"line":2,"column":52}},"1":{"start":{"line":7,"column":15},"end":{"line":7,"column":52}},"2":{"start":{"line":8,"column":29},"end":{"line":11,"column":16}},"3":{"start":{"line":12,"column":4},"end":{"line":12,"column":23}},"4":{"start":{"line":16,"column":15},"end":{"line":16,"column":52}},"5":{"start":{"line":17,"column":4},"end":{"line":17,"column":61}},"6":{"start":{"line":3,"column":0},"end":{"line":3,"column":13}}},"fnMap":{"0":{"name":"(anonymous_0)","decl":{"start":{"line":4,"column":2},"end":{"line":4,"column":17}},"loc":{"start":{"line":4,"column":2},"end":{"line":4,"column":18}}},"1":{"name":"(anonymous_1)","decl":{"start":{"line":6,"column":2},"end":{"line":6,"column":8}},"loc":{"start":{"line":6,"column":28},"end":{"line":13,"column":3}}},"2":{"name":"(anonymous_2)","decl":{"start":{"line":15,"column":2},"end":{"line":15,"column":8}},"loc":{"start":{"line":15,"column":35},"end":{"line":18,"column":3}}}},"branchMap":{},"s":{"0":0,"1":0,"2":0,"3":0,"4":0,"5":0,"6":0},"f":{"0":0,"1":0,"2":0},"b":{}}
,"/Users/chirra/AWS/nodets/src/tests/token.mock.ts": {"path":"/Users/chirra/AWS/nodets/src/tests/token.mock.ts","statementMap":{"0":{"start":{"line":1,"column":13},"end":{"line":7,"column":2}},"1":{"start":{"line":9,"column":13},"end":{"line":15,"column":2}},"2":{"start":{"line":17,"column":13},"end":{"line":19,"column":2}}},"fnMap":{},"branchMap":{},"s":{"0":0,"1":0,"2":0},"f":{},"b":{}}
,"/Users/chirra/AWS/nodets/src/utils/utils.ts": {"path":"/Users/chirra/AWS/nodets/src/utils/utils.ts","statementMap":{"0":{"start":{"line":1,"column":0},"end":{"line":1,"column":null}},"1":{"start":{"line":10,"column":29},"end":{"line":18,"column":1}},"2":{"start":{"line":11,"column":21},"end":{"line":11,"column":23}},"3":{"start":{"line":13,"column":4},"end":{"line":13,"column":67}},"4":{"start":{"line":14,"column":2},"end":{"line":16,"column":null}},"5":{"start":{"line":14,"column":15},"end":{"line":14,"column":16}},"6":{"start":{"line":15,"column":4},"end":{"line":15,"column":73}},"7":{"start":{"line":17,"column":2},"end":{"line":17,"column":14}},"8":{"start":{"line":10,"column":13},"end":{"line":10,"column":29}},"9":{"start":{"line":20,"column":37},"end":{"line":33,"column":1}},"10":{"start":{"line":21,"column":2},"end":{"line":22,"column":45}},"11":{"start":{"line":22,"column":4},"end":{"line":22,"column":45}},"12":{"start":{"line":23,"column":2},"end":{"line":24,"column":60}},"13":{"start":{"line":24,"column":4},"end":{"line":24,"column":60}},"14":{"start":{"line":25,"column":2},"end":{"line":26,"column":60}},"15":{"start":{"line":26,"column":4},"end":{"line":26,"column":60}},"16":{"start":{"line":27,"column":2},"end":{"line":28,"column":48}},"17":{"start":{"line":28,"column":4},"end":{"line":28,"column":48}},"18":{"start":{"line":29,"column":2},"end":{"line":29,"column":75}},"19":{"start":{"line":29,"column":33},"end":{"line":29,"column":75}},"20":{"start":{"line":30,"column":2},"end":{"line":31,"column":60}},"21":{"start":{"line":31,"column":4},"end":{"line":31,"column":60}},"22":{"start":{"line":32,"column":2},"end":{"line":32,"column":28}},"23":{"start":{"line":20,"column":13},"end":{"line":20,"column":37}}},"fnMap":{"0":{"name":"(anonymous_0)","decl":{"start":{"line":10,"column":29},"end":{"line":10,"column":32}},"loc":{"start":{"line":10,"column":34},"end":{"line":18,"column":1}}},"1":{"name":"(anonymous_1)","decl":{"start":{"line":20,"column":37},"end":{"line":20,"column":38}},"loc":{"start":{"line":20,"column":47},"end":{"line":33,"column":1}}}},"branchMap":{"0":{"loc":{"start":{"line":21,"column":2},"end":{"line":22,"column":45}},"type":"if","locations":[{"start":{"line":21,"column":2},"end":{"line":22,"column":45}}]},"1":{"loc":{"start":{"line":23,"column":2},"end":{"line":24,"column":60}},"type":"if","locations":[{"start":{"line":23,"column":2},"end":{"line":24,"column":60}}]},"2":{"loc":{"start":{"line":25,"column":2},"end":{"line":26,"column":60}},"type":"if","locations":[{"start":{"line":25,"column":2},"end":{"line":26,"column":60}}]},"3":{"loc":{"start":{"line":27,"column":2},"end":{"line":28,"column":48}},"type":"if","locations":[{"start":{"line":27,"column":2},"end":{"line":28,"column":48}}]},"4":{"loc":{"start":{"line":29,"column":2},"end":{"line":29,"column":75}},"type":"if","locations":[{"start":{"line":29,"column":2},"end":{"line":29,"column":75}}]},"5":{"loc":{"start":{"line":30,"column":2},"end":{"line":31,"column":60}},"type":"if","locations":[{"start":{"line":30,"column":2},"end":{"line":31,"column":60}}]}},"s":{"0":0,"1":0,"2":0,"3":0,"4":0,"5":0,"6":0,"7":0,"8":0,"9":0,"10":0,"11":0,"12":0,"13":0,"14":0,"15":0,"16":0,"17":0,"18":0,"19":0,"20":0,"21":0,"22":0,"23":0},"f":{"0":0,"1":0},"b":{"0":[0],"1":[0],"2":[0],"3":[0],"4":[0],"5":[0]}}
,"/Users/chirra/AWS/nodets/src/utils/validations.ts": {"path":"/Users/chirra/AWS/nodets/src/utils/validations.ts","statementMap":{"0":{"start":{"line":1,"column":36},"end":{"line":5,"column":1}},"1":{"start":{"line":2,"column":2},"end":{"line":4,"column":11}},"2":{"start":{"line":1,"column":13},"end":{"line":1,"column":36}},"3":{"start":{"line":7,"column":35},"end":{"line":13,"column":1}},"4":{"start":{"line":8,"column":2},"end":{"line":12,"column":11}},"5":{"start":{"line":7,"column":13},"end":{"line":7,"column":35}},"6":{"start":{"line":15,"column":26},"end":{"line":26,"column":1}},"7":{"start":{"line":16,"column":2},"end":{"line":16,"column":59}},"8":{"start":{"line":16,"column":46},"end":{"line":16,"column":59}},"9":{"start":{"line":17,"column":14},"end":{"line":17,"column":60}},"10":{"start":{"line":18,"column":21},"end":{"line":18,"column":64}},"11":{"start":{"line":19,"column":16},"end":{"line":19,"column":21}},"12":{"start":{"line":20,"column":2},"end":{"line":24,"column":null}},"13":{"start":{"line":21,"column":4},"end":{"line":23,"column":null}},"14":{"start":{"line":22,"column":6},"end":{"line":22,"column":30}},"15":{"start":{"line":25,"column":2},"end":{"line":25,"column":53}},"16":{"start":{"line":15,"column":13},"end":{"line":15,"column":26}},"17":{"start":{"line":28,"column":24},"end":{"line":35,"column":1}},"18":{"start":{"line":29,"column":14},"end":{"line":29,"column":24}},"19":{"start":{"line":30,"column":2},"end":{"line":34,"column":11}},"20":{"start":{"line":28,"column":13},"end":{"line":28,"column":24}},"21":{"start":{"line":37,"column":31},"end":{"line":51,"column":1}},"22":{"start":{"line":38,"column":2},"end":{"line":38,"column":57}},"23":{"start":{"line":38,"column":44},"end":{"line":38,"column":57}},"24":{"start":{"line":39,"column":14},"end":{"line":42,"column":28}},"25":{"start":{"line":42,"column":16},"end":{"line":42,"column":27}},"26":{"start":{"line":43,"column":20},"end":{"line":43,"column":31}},"27":{"start":{"line":44,"column":12},"end":{"line":47,"column":null}},"28":{"start":{"line":46,"column":6},"end":{"line":46,"column":70}},"29":{"start":{"line":49,"column":2},"end":{"line":49,"column":19}},"30":{"start":{"line":50,"column":2},"end":{"line":50,"column":24}},"31":{"start":{"line":37,"column":13},"end":{"line":37,"column":31}},"32":{"start":{"line":53,"column":32},"end":{"line":55,"column":1}},"33":{"start":{"line":54,"column":2},"end":{"line":54,"column":67}},"34":{"start":{"line":53,"column":13},"end":{"line":53,"column":32}}},"fnMap":{"0":{"name":"(anonymous_0)","decl":{"start":{"line":1,"column":36},"end":{"line":1,"column":37}},"loc":{"start":{"line":1,"column":54},"end":{"line":5,"column":1}}},"1":{"name":"(anonymous_1)","decl":{"start":{"line":7,"column":35},"end":{"line":7,"column":36}},"loc":{"start":{"line":7,"column":52},"end":{"line":13,"column":1}}},"2":{"name":"(anonymous_2)","decl":{"start":{"line":15,"column":26},"end":{"line":15,"column":27}},"loc":{"start":{"line":15,"column":44},"end":{"line":26,"column":1}}},"3":{"name":"(anonymous_3)","decl":{"start":{"line":28,"column":24},"end":{"line":28,"column":25}},"loc":{"start":{"line":28,"column":40},"end":{"line":35,"column":1}}},"4":{"name":"(anonymous_4)","decl":{"start":{"line":37,"column":31},"end":{"line":37,"column":32}},"loc":{"start":{"line":37,"column":48},"end":{"line":51,"column":1}}},"5":{"name":"(anonymous_5)","decl":{"start":{"line":42,"column":9},"end":{"line":42,"column":10}},"loc":{"start":{"line":42,"column":16},"end":{"line":42,"column":27}}},"6":{"name":"(anonymous_6)","decl":{"start":{"line":45,"column":4},"end":{"line":45,"column":5}},"loc":{"start":{"line":46,"column":6},"end":{"line":46,"column":70}}},"7":{"name":"(anonymous_7)","decl":{"start":{"line":53,"column":32},"end":{"line":53,"column":33}},"loc":{"start":{"line":53,"column":50},"end":{"line":55,"column":1}}}},"branchMap":{"0":{"loc":{"start":{"line":2,"column":9},"end":{"line":4,"column":10}},"type":"cond-expr","locations":[{"start":{"line":3,"column":6},"end":{"line":3,"column":11}},{"start":{"line":4,"column":6},"end":{"line":4,"column":10}}]},"1":{"loc":{"start":{"line":2,"column":9},"end":{"line":2,"column":66}},"type":"binary-expr","locations":[{"start":{"line":2,"column":9},"end":{"line":2,"column":26}},{"start":{"line":2,"column":30},"end":{"line":2,"column":48}},{"start":{"line":2,"column":52},"end":{"line":2,"column":66}}]},"2":{"loc":{"start":{"line":8,"column":9},"end":{"line":12,"column":10}},"type":"cond-expr","locations":[{"start":{"line":11,"column":6},"end":{"line":11,"column":11}},{"start":{"line":12,"column":6},"end":{"line":12,"column":10}}]},"3":{"loc":{"start":{"line":8,"column":9},"end":{"line":10,"column":17}},"type":"binary-expr","locations":[{"start":{"line":8,"column":9},"end":{"line":8,"column":48}},{"start":{"line":9,"column":4},"end":{"line":9,"column":47}},{"start":{"line":10,"column":4},"end":{"line":10,"column":17}}]},"4":{"loc":{"start":{"line":16,"column":2},"end":{"line":16,"column":59}},"type":"if","locations":[{"start":{"line":16,"column":2},"end":{"line":16,"column":59}}]},"5":{"loc":{"start":{"line":16,"column":6},"end":{"line":16,"column":44}},"type":"binary-expr","locations":[{"start":{"line":16,"column":6},"end":{"line":16,"column":22}},{"start":{"line":16,"column":26},"end":{"line":16,"column":44}}]},"6":{"loc":{"start":{"line":21,"column":4},"end":{"line":23,"column":null}},"type":"if","locations":[{"start":{"line":21,"column":4},"end":{"line":23,"column":null}}]},"7":{"loc":{"start":{"line":25,"column":9},"end":{"line":25,"column":52}},"type":"cond-expr","locations":[{"start":{"line":25,"column":40},"end":{"line":25,"column":44}},{"start":{"line":25,"column":47},"end":{"line":25,"column":52}}]},"8":{"loc":{"start":{"line":25,"column":9},"end":{"line":25,"column":37}},"type":"binary-expr","locations":[{"start":{"line":25,"column":9},"end":{"line":25,"column":26}},{"start":{"line":25,"column":30},"end":{"line":25,"column":37}}]},"9":{"loc":{"start":{"line":30,"column":9},"end":{"line":34,"column":10}},"type":"cond-expr","locations":[{"start":{"line":33,"column":6},"end":{"line":33,"column":11}},{"start":{"line":34,"column":6},"end":{"line":34,"column":10}}]},"10":{"loc":{"start":{"line":30,"column":9},"end":{"line":32,"column":28}},"type":"binary-expr","locations":[{"start":{"line":30,"column":9},"end":{"line":30,"column":31}},{"start":{"line":31,"column":4},"end":{"line":31,"column":26}},{"start":{"line":32,"column":4},"end":{"line":32,"column":28}}]},"11":{"loc":{"start":{"line":38,"column":2},"end":{"line":38,"column":57}},"type":"if","locations":[{"start":{"line":38,"column":2},"end":{"line":38,"column":57}}]},"12":{"loc":{"start":{"line":38,"column":6},"end":{"line":38,"column":42}},"type":"binary-expr","locations":[{"start":{"line":38,"column":6},"end":{"line":38,"column":22}},{"start":{"line":38,"column":26},"end":{"line":38,"column":42}}]},"13":{"loc":{"start":{"line":46,"column":6},"end":{"line":46,"column":70}},"type":"cond-expr","locations":[{"start":{"line":46,"column":20},"end":{"line":46,"column":29}},{"start":{"line":46,"column":32},"end":{"line":46,"column":70}}]},"14":{"loc":{"start":{"line":46,"column":39},"end":{"line":46,"column":69}},"type":"cond-expr","locations":[{"start":{"line":46,"column":56},"end":{"line":46,"column":63}},{"start":{"line":46,"column":66},"end":{"line":46,"column":69}}]},"15":{"loc":{"start":{"line":54,"column":9},"end":{"line":54,"column":66}},"type":"cond-expr","locations":[{"start":{"line":54,"column":54},"end":{"line":54,"column":58}},{"start":{"line":54,"column":61},"end":{"line":54,"column":66}}]}},"s":{"0":0,"1":0,"2":0,"3":0,"4":0,"5":0,"6":0,"7":0,"8":0,"9":0,"10":0,"11":0,"12":0,"13":0,"14":0,"15":0,"16":0,"17":0,"18":0,"19":0,"20":0,"21":0,"22":0,"23":0,"24":0,"25":0,"26":0,"27":0,"28":0,"29":0,"30":0,"31":0,"32":0,"33":0,"34":0},"f":{"0":0,"1":0,"2":0,"3":0,"4":0,"5":0,"6":0,"7":0},"b":{"0":[0,0],"1":[0,0,0],"2":[0,0],"3":[0,0,0],"4":[0],"5":[0,0],"6":[0],"7":[0,0],"8":[0,0],"9":[0,0],"10":[0,0,0],"11":[0],"12":[0,0],"13":[0,0],"14":[0,0],"15":[0,0]}}
}
