TN:
SF:src/database/mongodb.ts
FN:8,(anonymous_0)
FN:10,(anonymous_1)
FNF:2
FNH:0
FNDA:0,(anonymous_0)
FNDA:0,(anonymous_1)
DA:3,0
DA:11,0
DA:12,0
DA:14,0
DA:15,0
DA:16,0
DA:20,0
LF:7
LH:0
BRDA:11,0,0,0
BRF:1
BRH:0
end_of_record
TN:
SF:src/functions/index.ts
FN:1,(anonymous_0)
FN:2,(anonymous_1)
FNF:2
FNH:0
FNDA:0,(anonymous_0)
FNDA:0,(anonymous_1)
DA:1,0
DA:2,0
LF:2
LH:0
BRF:0
BRH:0
end_of_record
TN:
SF:src/functions/create-tokens/handler.ts
FN:13,(anonymous_0)
FNF:1
FNH:0
FNDA:0,(anonymous_0)
DA:1,0
DA:5,0
DA:6,0
DA:9,0
DA:11,0
DA:13,0
DA:16,0
DA:17,0
DA:19,0
DA:20,0
DA:21,0
DA:23,0
DA:25,0
DA:31,0
LF:14
LH:0
BRDA:17,0,0,0
BRF:1
BRH:0
end_of_record
TN:
SF:src/functions/create-tokens/index.ts
FNF:0
FNH:0
DA:1,0
DA:2,0
DA:4,0
LF:3
LH:0
BRF:0
BRH:0
end_of_record
TN:
SF:src/functions/create-tokens/schema.ts
FNF:0
FNH:0
DA:1,0
LF:1
LH:0
BRF:0
BRH:0
end_of_record
TN:
SF:src/functions/get-token/handler.ts
FN:10,(anonymous_0)
FNF:1
FNH:0
FNDA:0,(anonymous_0)
DA:2,0
DA:3,0
DA:7,0
DA:8,0
DA:10,0
DA:13,0
DA:17,0
DA:18,0
DA:20,0
DA:26,0
LF:10
LH:0
BRDA:17,0,0,0
BRDA:17,0,1,0
BRF:2
BRH:0
end_of_record
TN:
SF:src/functions/get-token/index.ts
FNF:0
FNH:0
DA:1,0
DA:2,0
DA:4,0
LF:3
LH:0
BRF:0
BRH:0
end_of_record
TN:
SF:src/functions/get-token/schema.ts
FNF:0
FNH:0
DA:1,0
LF:1
LH:0
BRF:0
BRH:0
end_of_record
TN:
SF:src/libs/api-gateway.ts
FN:16,(anonymous_0)
FN:23,(anonymous_1)
FNF:2
FNH:0
FNDA:0,(anonymous_0)
FNDA:0,(anonymous_1)
DA:16,0
DA:17,0
DA:23,0
DA:26,0
LF:4
LH:0
BRF:0
BRH:0
end_of_record
TN:
SF:src/libs/handler-resolver.ts
FN:1,(anonymous_0)
FNF:1
FNH:0
FNDA:0,(anonymous_0)
DA:1,0
DA:2,0
LF:2
LH:0
BRF:0
BRH:0
end_of_record
TN:
SF:src/libs/lambda.ts
FN:4,(anonymous_0)
FNF:1
FNH:0
FNDA:0,(anonymous_0)
DA:1,0
DA:2,0
DA:4,0
DA:5,0
LF:4
LH:0
BRF:0
BRH:0
end_of_record
TN:
SF:src/services/token.ts
FN:4,(anonymous_0)
FN:6,(anonymous_1)
FN:15,(anonymous_2)
FNF:3
FNH:0
FNDA:0,(anonymous_0)
FNDA:0,(anonymous_1)
FNDA:0,(anonymous_2)
DA:2,0
DA:3,0
DA:7,0
DA:8,0
DA:12,0
DA:16,0
DA:17,0
LF:7
LH:0
BRF:0
BRH:0
end_of_record
TN:
SF:src/tests/token.mock.ts
FNF:0
FNH:0
DA:1,0
DA:9,0
DA:17,0
LF:3
LH:0
BRF:0
BRH:0
end_of_record
TN:
SF:src/utils/utils.ts
FN:10,(anonymous_0)
FN:20,(anonymous_1)
FNF:2
FNH:0
FNDA:0,(anonymous_0)
FNDA:0,(anonymous_1)
DA:1,0
DA:10,0
DA:11,0
DA:13,0
DA:14,0
DA:15,0
DA:17,0
DA:20,0
DA:21,0
DA:22,0
DA:23,0
DA:24,0
DA:25,0
DA:26,0
DA:27,0
DA:28,0
DA:29,0
DA:30,0
DA:31,0
DA:32,0
LF:20
LH:0
BRDA:21,0,0,0
BRDA:23,1,0,0
BRDA:25,2,0,0
BRDA:27,3,0,0
BRDA:29,4,0,0
BRDA:30,5,0,0
BRF:6
BRH:0
end_of_record
TN:
SF:src/utils/validations.ts
FN:1,(anonymous_0)
FN:7,(anonymous_1)
FN:15,(anonymous_2)
FN:28,(anonymous_3)
FN:37,(anonymous_4)
FN:42,(anonymous_5)
FN:45,(anonymous_6)
FN:53,(anonymous_7)
FNF:8
FNH:0
FNDA:0,(anonymous_0)
FNDA:0,(anonymous_1)
FNDA:0,(anonymous_2)
FNDA:0,(anonymous_3)
FNDA:0,(anonymous_4)
FNDA:0,(anonymous_5)
FNDA:0,(anonymous_6)
FNDA:0,(anonymous_7)
DA:1,0
DA:2,0
DA:7,0
DA:8,0
DA:15,0
DA:16,0
DA:17,0
DA:18,0
DA:19,0
DA:20,0
DA:21,0
DA:22,0
DA:25,0
DA:28,0
DA:29,0
DA:30,0
DA:37,0
DA:38,0
DA:39,0
DA:42,0
DA:43,0
DA:44,0
DA:46,0
DA:49,0
DA:50,0
DA:53,0
DA:54,0
LF:27
LH:0
BRDA:2,0,0,0
BRDA:2,0,1,0
BRDA:2,1,0,0
BRDA:2,1,1,0
BRDA:2,1,2,0
BRDA:8,2,0,0
BRDA:8,2,1,0
BRDA:8,3,0,0
BRDA:8,3,1,0
BRDA:8,3,2,0
BRDA:16,4,0,0
BRDA:16,5,0,0
BRDA:16,5,1,0
BRDA:21,6,0,0
BRDA:25,7,0,0
BRDA:25,7,1,0
BRDA:25,8,0,0
BRDA:25,8,1,0
BRDA:30,9,0,0
BRDA:30,9,1,0
BRDA:30,10,0,0
BRDA:30,10,1,0
BRDA:30,10,2,0
BRDA:38,11,0,0
BRDA:38,12,0,0
BRDA:38,12,1,0
BRDA:46,13,0,0
BRDA:46,13,1,0
BRDA:46,14,0,0
BRDA:46,14,1,0
BRDA:54,15,0,0
BRDA:54,15,1,0
BRF:32
BRH:0
end_of_record
